<?xml version="1.0" encoding="UTF-8"?>
<testng-results skipped="0" failed="0" ignored="0" total="1" passed="1">
  <reporter-output>
  </reporter-output>
  <suite name="Default suite" duration-ms="17444" started-at="2018-02-20T06:06:16Z" finished-at="2018-02-20T06:06:33Z">
    <groups>
    </groups>
    <test name="Default test" duration-ms="17444" started-at="2018-02-20T06:06:16Z" finished-at="2018-02-20T06:06:33Z">
      <class name="practiceExercise.PE1">
        <test-method status="PASS" signature="beforeMethod()[pri:0, instance:practiceExercise.PE1@3532ec19]" name="beforeMethod" is-config="true" duration-ms="16316" started-at="2018-02-20T11:36:16Z" finished-at="2018-02-20T11:36:32Z">
          <reporter-output>
          </reporter-output>
        </test-method> <!-- beforeMethod -->
        <test-method status="PASS" signature="f()[pri:0, instance:practiceExercise.PE1@3532ec19]" name="f" duration-ms="139" started-at="2018-02-20T11:36:32Z" finished-at="2018-02-20T11:36:32Z">
          <reporter-output>
          </reporter-output>
        </test-method> <!-- f -->
        <test-method status="PASS" signature="afterMethod()[pri:0, instance:practiceExercise.PE1@3532ec19]" name="afterMethod" is-config="true" duration-ms="938" started-at="2018-02-20T11:36:32Z" finished-at="2018-02-20T11:36:33Z">
          <reporter-output>
          </reporter-output>
        </test-method> <!-- afterMethod -->
      </class> <!-- practiceExercise.PE1 -->
    </test> <!-- Default test -->
  </suite> <!-- Default suite -->
</testng-results>
